<?xml version="1.0" encoding="UTF-8"?>
<!-- Generated by org.testng.reporters.JUnitXMLReporter -->
<testsuite ignored="0" hostname="DESKTOP-M8A7QND" failures="0" tests="7" name="RegressionTest Chrome" time="8.68" errors="0" timestamp="2023-04-27T14:06:53 EDT">
  <testcase classname="test.LoginTest" name="ValidateUN" time="0.409"/>
  <testcase classname="test.LoginTest" name="inValidateUNValidPW" time="0.307"/>
  <testcase classname="test.LoginTest" name="inValidateUNinValidPW" time="0.299"/>
  <testcase classname="test.LoginTest" name="ValidateUNinValidPW" time="0.324"/>
  <testcase classname="test.LoginTest" name="ValidateLoginButton" time="0.174"/>
  <testcase classname="test.LoginValidations" name="ValidateUrl" time="0.008"/>
  <testcase classname="test.LoginValidations" name="ValidateTitle" time="0.007"/>
</testsuite> <!-- RegressionTest Chrome -->
