<?xml version="1.0" encoding="UTF-8"?>
<!-- Generated by org.testng.reporters.JUnitXMLReporter -->
<testsuite ignored="0" hostname="DESKTOP-M8A7QND" failures="0" tests="7" name="RegressionTest Firefox" time="12.784" errors="0" timestamp="2023-04-27T14:07:06 EDT">
  <testcase classname="test.LoginTest" name="ValidateUN" time="0.411"/>
  <testcase classname="test.LoginTest" name="inValidateUNValidPW" time="0.281"/>
  <testcase classname="test.LoginTest" name="inValidateUNinValidPW" time="0.318"/>
  <testcase classname="test.LoginTest" name="ValidateUNinValidPW" time="0.298"/>
  <testcase classname="test.LoginTest" name="ValidateLoginButton" time="0.911"/>
  <testcase classname="test.LoginValidations" name="ValidateUrl" time="0.006"/>
  <testcase classname="test.LoginValidations" name="ValidateTitle" time="0.006"/>
</testsuite> <!-- RegressionTest Firefox -->
