<?xml version="1.0" encoding="UTF-8"?>
<!-- Generated by org.testng.reporters.JUnitXMLReporter -->
<testsuite ignored="0" hostname="DESKTOP-M8A7QND" failures="0" tests="5" name="Test" time="5.663" errors="0" timestamp="2023-04-27T11:28:12 EDT">
  <testcase classname="test.LoginTest" name="ValidateUN" time="0.362"/>
  <testcase classname="test.LoginTest" name="inValidateUNValidPW" time="0.287"/>
  <testcase classname="test.LoginTest" name="inValidateUNinValidPW" time="0.295"/>
  <testcase classname="test.LoginTest" name="ValidateUNinValidPW" time="0.307"/>
  <testcase classname="test.LoginTest" name="ValidateLoginButton" time="0.163"/>
</testsuite> <!-- Test -->
